<?xml version="1.0" encoding="UTF-8"?>
<testsuite xmlns:xsi="http://www.w3.org/2001/XMLSchema-instance" xsi:noNamespaceSchemaLocation="https://maven.apache.org/surefire/maven-surefire-plugin/xsd/surefire-test-report.xsd" name="TestSuite" time="72.723" tests="4" errors="0" skipped="0" failures="1">
  <properties>
    <property name="java.runtime.name" value="Java(TM) SE Runtime Environment"/>
    <property name="sun.boot.library.path" value="/Library/Java/JavaVirtualMachines/jdk1.8.0_144.jdk/Contents/Home/jre/lib"/>
    <property name="java.vm.version" value="25.144-b01"/>
    <property name="user.country.format" value="RU"/>
    <property name="gopherProxySet" value="false"/>
    <property name="java.vm.vendor" value="Oracle Corporation"/>
    <property name="maven.multiModuleProjectDirectory" value="/Users/dplyamko/Documents/workspace/AppiumTest"/>
    <property name="java.vendor.url" value="http://java.oracle.com/"/>
    <property name="path.separator" value=":"/>
    <property name="guice.disable.misplaced.annotation.check" value="true"/>
    <property name="java.vm.name" value="Java HotSpot(TM) 64-Bit Server VM"/>
    <property name="file.encoding.pkg" value="sun.io"/>
    <property name="user.country" value="US"/>
    <property name="sun.java.launcher" value="SUN_STANDARD"/>
    <property name="sun.os.patch.level" value="unknown"/>
    <property name="java.vm.specification.name" value="Java Virtual Machine Specification"/>
    <property name="user.dir" value="/Users/dplyamko/Documents/workspace/AppiumTest"/>
    <property name="java.runtime.version" value="1.8.0_144-b01"/>
    <property name="java.awt.graphicsenv" value="sun.awt.CGraphicsEnvironment"/>
    <property name="java.endorsed.dirs" value="/Library/Java/JavaVirtualMachines/jdk1.8.0_144.jdk/Contents/Home/jre/lib/endorsed"/>
    <property name="os.arch" value="x86_64"/>
    <property name="java.io.tmpdir" value="/var/folders/vw/_xxjwyqd2cx7csgrgc46_9580000gp/T/"/>
    <property name="line.separator" value="&#10;"/>
    <property name="java.vm.specification.vendor" value="Oracle Corporation"/>
    <property name="os.name" value="Mac OS X"/>
    <property name="classworlds.conf" value="/usr/local/Cellar/maven/3.5.2/libexec/bin/m2.conf"/>
    <property name="sun.jnu.encoding" value="UTF-8"/>
    <property name="java.library.path" value="/Users/dplyamko/Library/Java/Extensions:/Library/Java/Extensions:/Network/Library/Java/Extensions:/System/Library/Java/Extensions:/usr/lib/java:."/>
    <property name="maven.conf" value="/usr/local/Cellar/maven/3.5.2/libexec/conf"/>
    <property name="java.specification.name" value="Java Platform API Specification"/>
    <property name="java.class.version" value="52.0"/>
    <property name="sun.management.compiler" value="HotSpot 64-Bit Tiered Compilers"/>
    <property name="os.version" value="10.14.6"/>
    <property name="library.jansi.path" value="/usr/local/Cellar/maven/3.5.2/libexec/lib/jansi-native"/>
    <property name="http.nonProxyHosts" value="local|*.local|169.254/16|*.169.254/16"/>
    <property name="user.home" value="/Users/dplyamko"/>
    <property name="user.timezone" value="Europe/Moscow"/>
    <property name="java.awt.printerjob" value="sun.lwawt.macosx.CPrinterJob"/>
    <property name="java.specification.version" value="1.8"/>
    <property name="file.encoding" value="UTF-8"/>
    <property name="user.name" value="dplyamko"/>
    <property name="java.class.path" value="/usr/local/Cellar/maven/3.5.2/libexec/boot/plexus-classworlds-2.5.2.jar"/>
    <property name="java.vm.specification.version" value="1.8"/>
    <property name="sun.arch.data.model" value="64"/>
    <property name="java.home" value="/Library/Java/JavaVirtualMachines/jdk1.8.0_144.jdk/Contents/Home/jre"/>
    <property name="sun.java.command" value="org.codehaus.plexus.classworlds.launcher.Launcher clean test -e -DsuiteFile=./src/test/resources/testSuites/LastYearOtputTest.xml -Ddevice=9TFUFA4TRKGMKRPN"/>
    <property name="java.specification.vendor" value="Oracle Corporation"/>
    <property name="user.language" value="en"/>
    <property name="awt.toolkit" value="sun.lwawt.macosx.LWCToolkit"/>
    <property name="java.vm.info" value="mixed mode"/>
    <property name="java.version" value="1.8.0_144"/>
    <property name="java.ext.dirs" value="/Users/dplyamko/Library/Java/Extensions:/Library/Java/JavaVirtualMachines/jdk1.8.0_144.jdk/Contents/Home/jre/lib/ext:/Library/Java/Extensions:/Network/Library/Java/Extensions:/System/Library/Java/Extensions:/usr/lib/java"/>
    <property name="sun.boot.class.path" value="/Library/Java/JavaVirtualMachines/jdk1.8.0_144.jdk/Contents/Home/jre/lib/resources.jar:/Library/Java/JavaVirtualMachines/jdk1.8.0_144.jdk/Contents/Home/jre/lib/rt.jar:/Library/Java/JavaVirtualMachines/jdk1.8.0_144.jdk/Contents/Home/jre/lib/sunrsasign.jar:/Library/Java/JavaVirtualMachines/jdk1.8.0_144.jdk/Contents/Home/jre/lib/jsse.jar:/Library/Java/JavaVirtualMachines/jdk1.8.0_144.jdk/Contents/Home/jre/lib/jce.jar:/Library/Java/JavaVirtualMachines/jdk1.8.0_144.jdk/Contents/Home/jre/lib/charsets.jar:/Library/Java/JavaVirtualMachines/jdk1.8.0_144.jdk/Contents/Home/jre/lib/jfr.jar:/Library/Java/JavaVirtualMachines/jdk1.8.0_144.jdk/Contents/Home/jre/classes"/>
    <property name="java.vendor" value="Oracle Corporation"/>
    <property name="maven.home" value="/usr/local/Cellar/maven/3.5.2/libexec"/>
    <property name="file.separator" value="/"/>
    <property name="java.vendor.url.bug" value="http://bugreport.sun.com/bugreport/"/>
    <property name="device" value="9TFUFA4TRKGMKRPN"/>
    <property name="sun.cpu.endian" value="little"/>
    <property name="sun.io.unicode.encoding" value="UnicodeBig"/>
    <property name="suiteFile" value="./src/test/resources/testSuites/LastYearOtputTest.xml"/>
    <property name="socksNonProxyHosts" value="local|*.local|169.254/16|*.169.254/16"/>
    <property name="ftp.nonProxyHosts" value="local|*.local|169.254/16|*.169.254/16"/>
    <property name="sun.cpu.isalist" value=""/>
  </properties>
  <testcase name="a_setLanguageEnglTest on [LastYearOutputTest passed=0 failed=0 skipped=0]" classname="tests.LastYearOutputTest" time="12.072"/>
  <testcase name="b_setFilterTest on [LastYearOutputTest passed=0 failed=0 skipped=0]" classname="tests.LastYearOutputTest" time="17.236"/>
  <testcase name="c_countryCheckTest on [LastYearOutputTest passed=0 failed=0 skipped=0]" classname="tests.LastYearOutputTest" time="2.588"/>
  <testcase name="d_LastYearOutputTest on [LastYearOutputTest passed=0 failed=0 skipped=0]" classname="tests.LastYearOutputTest" time="18.459">
    <failure type="java.lang.AssertionError">java.lang.AssertionError
	at tests.LastYearOutputTest.LastYearOutput(LastYearOutputTest.java:61)
	at tests.LastYearOutputTest.d_LastYearOutputTest(LastYearOutputTest.java:39)
</failure>
    <system-out><![CDATA[01:44:22 -------------[ d_LastYearOutputTest ]-------------
<<<-History- at x:469 y:634| 
2018 <<<<- retry to see 
| Date | Actual | Forecast | Previous | 
| 12 Sep 2019 | -0,2% | -0,1% | -0,1% | 
| 15 Aug 2019 | -0,1% | 0,0% | -0,5% | 
| 15 Jul 2019 | -0,5% | 0,0% | 0,0% | 
| 13 Jun 2019 | 0,0% | 0,0% | 0,0% | 
| 14 May 2019 | 0,0% | 0,0% | 0,3% | 
| 15 Apr 2019 | 0,3% | 0,0% | 0,2% | 
| 14 Mar 2019 | 0,2% | 0,0% | -0,7% | 
| 14 Feb 2019 | -0,7% | 0,0% | -0,6% | 
| 18 Jan 2019 |  |  |  | 
-- error ? -> duplicate date [ 18 Jan 2019 ] 
01:44:38 Step: _______________Failure_________________

-------------------PageSource---------------------
<?xml version='1.0' encoding='UTF-8' standalone='yes' ?>
<hierarchy index="0" class="hierarchy" rotation="0" width="720" height="1280">
  <android.widget.FrameLayout index="0" package="net.metaquotes.economiccalendar" class="android.widget.FrameLayout" text="" checkable="false" checked="false" clickable="false" enabled="true" focusable="false" focused="false" long-clickable="false" password="false" scrollable="false" selected="false" bounds="[0,0][720,1280]" displayed="true">
    <android.widget.FrameLayout index="0" package="net.metaquotes.economiccalendar" class="android.widget.FrameLayout" text="" checkable="false" checked="false" clickable="false" enabled="true" focusable="false" focused="false" long-clickable="false" password="false" scrollable="false" selected="false" bounds="[0,0][720,1280]" displayed="true">
      <android.widget.FrameLayout index="0" package="net.metaquotes.economiccalendar" class="android.widget.FrameLayout" text="" resource-id="android:id/content" checkable="false" checked="false" clickable="false" enabled="true" focusable="false" focused="false" long-clickable="false" password="false" scrollable="false" selected="false" bounds="[0,50][720,1280]" displayed="true">
        <android.view.View index="0" package="net.metaquotes.economiccalendar" class="android.view.View" text="" checkable="false" checked="false" clickable="false" enabled="true" focusable="true" focused="true" long-clickable="false" password="false" scrollable="false" selected="false" bounds="[0,50][720,1280]" displayed="true">
          <android.widget.LinearLayout index="0" package="net.metaquotes.economiccalendar" class="android.widget.LinearLayout" text="" resource-id="net.metaquotes.economiccalendar:id/container" checkable="false" checked="false" clickable="false" enabled="true" focusable="false" focused="false" long-clickable="false" password="false" scrollable="false" selected="false" bounds="[0,50][720,1280]" displayed="true">
            <android.view.View index="0" package="net.metaquotes.economiccalendar" class="android.view.View" text="" resource-id="net.metaquotes.economiccalendar:id/main_toolbar" checkable="false" checked="false" clickable="false" enabled="true" focusable="false" focused="false" long-clickable="false" password="false" scrollable="false" selected="false" bounds="[0,50][720,146]" displayed="true">
              <android.widget.ImageButton index="0" package="net.metaquotes.economiccalendar" class="android.widget.ImageButton" text="" content-desc="Перейти вверх" checkable="false" checked="false" clickable="true" enabled="true" focusable="true" focused="false" long-clickable="false" password="false" scrollable="false" selected="false" bounds="[0,50][112,146]" displayed="true" />
              <android.widget.TextView index="1" package="net.metaquotes.economiccalendar" class="android.widget.TextView" text="09:30, 15 October 2019" checkable="false" checked="false" clickable="false" enabled="true" focusable="false" focused="false" long-clickable="false" password="false" scrollable="false" selected="false" bounds="[120,73][491,122]" displayed="true" />
              <android.widget.LinearLayout index="2" package="net.metaquotes.economiccalendar" class="android.widget.LinearLayout" text="" checkable="false" checked="false" clickable="false" enabled="true" focusable="false" focused="false" long-clickable="false" password="false" scrollable="false" selected="false" bounds="[524,50][720,146]" displayed="true">
                <android.widget.TextView index="0" package="net.metaquotes.economiccalendar" class="android.widget.TextView" text="" content-desc="Alerts" resource-id="net.metaquotes.economiccalendar:id/menu_alert" checkable="false" checked="false" clickable="true" enabled="true" focusable="true" focused="false" long-clickable="true" password="false" scrollable="false" selected="false" bounds="[524,50][624,146]" displayed="true" />
                <android.widget.TextView index="1" package="net.metaquotes.economiccalendar" class="android.widget.TextView" text="" content-desc="Share" resource-id="net.metaquotes.economiccalendar:id/menu_share" checkable="false" checked="false" clickable="true" enabled="true" focusable="true" focused="false" long-clickable="true" password="false" scrollable="false" selected="false" bounds="[624,50][720,146]" displayed="true" />
              </android.widget.LinearLayout>
            </android.view.View>
            <android.widget.FrameLayout index="1" package="net.metaquotes.economiccalendar" class="android.widget.FrameLayout" text="" checkable="false" checked="false" clickable="false" enabled="true" focusable="false" focused="false" long-clickable="false" password="false" scrollable="false" selected="false" bounds="[0,146][720,1280]" displayed="true">
              <android.widget.FrameLayout index="0" package="net.metaquotes.economiccalendar" class="android.widget.FrameLayout" text="" resource-id="net.metaquotes.economiccalendar:id/content_frame" checkable="false" checked="false" clickable="false" enabled="true" focusable="false" focused="false" long-clickable="false" password="false" scrollable="false" selected="false" bounds="[0,146][720,1280]" displayed="true">
                <android.widget.ScrollView index="0" package="net.metaquotes.economiccalendar" class="android.widget.ScrollView" text="" checkable="false" checked="false" clickable="false" enabled="true" focusable="true" focused="false" long-clickable="false" password="false" scrollable="true" selected="false" bounds="[0,146][720,1280]" displayed="true">
                  <android.widget.LinearLayout index="0" package="net.metaquotes.economiccalendar" class="android.widget.LinearLayout" text="" checkable="false" checked="false" clickable="false" enabled="true" focusable="false" focused="false" long-clickable="false" password="false" scrollable="false" selected="false" bounds="[0,146][720,1280]" displayed="true">
                    <android.widget.LinearLayout index="1" package="net.metaquotes.economiccalendar" class="android.widget.LinearLayout" text="" resource-id="net.metaquotes.economiccalendar:id/indicator_content" checkable="false" checked="false" clickable="false" enabled="true" focusable="false" focused="false" long-clickable="false" password="false" scrollable="false" selected="false" bounds="[0,146][720,1280]" displayed="true">
                      <android.widget.FrameLayout index="0" package="net.metaquotes.economiccalendar" class="android.widget.FrameLayout" text="" resource-id="net.metaquotes.economiccalendar:id/indicator_release_detail" checkable="false" checked="false" clickable="false" enabled="true" focusable="false" focused="false" long-clickable="false" password="false" scrollable="false" selected="false" bounds="[0,146][720,211]" displayed="true">
                        <android.widget.GridLayout index="0" package="net.metaquotes.economiccalendar" class="android.widget.GridLayout" text="" checkable="false" checked="false" clickable="false" enabled="true" focusable="false" focused="false" long-clickable="false" password="false" scrollable="false" selected="false" bounds="[32,146][688,211]" displayed="true">
                          <android.widget.TextView index="8" package="net.metaquotes.economiccalendar" class="android.widget.TextView" text="Next" resource-id="net.metaquotes.economiccalendar:id/mid_hint" checkable="false" checked="false" clickable="false" enabled="true" focusable="false" focused="false" long-clickable="false" password="false" scrollable="false" selected="false" bounds="[32,146][98,168]" displayed="true" />
                          <android.widget.TextView index="9" package="net.metaquotes.economiccalendar" class="android.widget.TextView" text="15.10.2019 09:30" resource-id="net.metaquotes.economiccalendar:id/next_time" checkable="false" checked="false" clickable="false" enabled="true" focusable="false" focused="false" long-clickable="false" password="false" scrollable="false" selected="false" bounds="[32,176][212,209]" displayed="true" />
                          <android.widget.TextView index="10" package="net.metaquotes.economiccalendar" class="android.widget.TextView" text="—" resource-id="net.metaquotes.economiccalendar:id/next_actual" checkable="false" checked="false" clickable="false" enabled="true" focusable="false" focused="false" long-clickable="false" password="false" scrollable="false" selected="false" bounds="[258,168][382,211]" displayed="true" />
                          <android.widget.TextView index="11" package="net.metaquotes.economiccalendar" class="android.widget.TextView" text="-0,1%" resource-id="net.metaquotes.economiccalendar:id/next_forecast" checkable="false" checked="false" clickable="false" enabled="true" focusable="false" focused="false" long-clickable="false" password="false" scrollable="false" selected="false" bounds="[382,168][535,211]" displayed="true" />
                          <android.widget.TextView index="12" package="net.metaquotes.economiccalendar" class="android.widget.TextView" text="-0,2%" resource-id="net.metaquotes.economiccalendar:id/next_previous" checkable="false" checked="false" clickable="false" enabled="true" focusable="false" focused="false" long-clickable="false" password="false" scrollable="false" selected="false" bounds="[535,168][688,211]" displayed="true" />
                        </android.widget.GridLayout>
                      </android.widget.FrameLayout>
                      <android.widget.LinearLayout index="1" package="net.metaquotes.economiccalendar" class="android.widget.LinearLayout" text="" resource-id="net.metaquotes.economiccalendar:id/segments" checkable="false" checked="false" clickable="false" enabled="true" focusable="false" focused="false" long-clickable="false" password="false" scrollable="false" selected="false" bounds="[32,227][688,291]" displayed="true">
                        <android.widget.Button index="0" package="net.metaquotes.economiccalendar" class="android.widget.Button" text="Overview" resource-id="net.metaquotes.economiccalendar:id/tab_overview" checkable="false" checked="false" clickable="true" enabled="true" focusable="true" focused="false" long-clickable="false" password="false" scrollable="false" selected="false" bounds="[32,227][250,291]" displayed="true" />
                        <android.widget.Button index="1" package="net.metaquotes.economiccalendar" class="android.widget.Button" text="Chart" resource-id="net.metaquotes.economiccalendar:id/tab_chart" checkable="false" checked="false" clickable="true" enabled="true" focusable="true" focused="false" long-clickable="false" password="false" scrollable="false" selected="false" bounds="[250,227][469,291]" displayed="true" />
                        <android.widget.Button index="2" package="net.metaquotes.economiccalendar" class="android.widget.Button" text="History" resource-id="net.metaquotes.economiccalendar:id/tab_history" checkable="false" checked="false" clickable="true" enabled="true" focusable="true" focused="false" long-clickable="false" password="false" scrollable="false" selected="true" bounds="[469,227][688,291]" displayed="true" />
                      </android.widget.LinearLayout>
                      <android.widget.LinearLayout index="2" package="net.metaquotes.economiccalendar" class="android.widget.LinearLayout" text="" resource-id="net.metaquotes.economiccalendar:id/history_table" checkable="false" checked="false" clickable="false" enabled="true" focusable="false" focused="false" long-clickable="false" password="false" scrollable="false" selected="false" bounds="[0,307][720,1280]" displayed="true">
                        <android.widget.LinearLayout index="0" package="net.metaquotes.economiccalendar" class="android.widget.LinearLayout" text="" checkable="false" checked="false" clickable="false" enabled="true" focusable="false" focused="false" long-clickable="false" password="false" scrollable="false" selected="false" bounds="[0,307][720,1280]" displayed="true">
                          <android.widget.FrameLayout index="0" package="net.metaquotes.economiccalendar" class="android.widget.FrameLayout" text="" resource-id="net.metaquotes.economiccalendar:id/head" checkable="false" checked="false" clickable="false" enabled="true" focusable="false" focused="false" long-clickable="false" password="false" scrollable="false" selected="false" bounds="[0,307][720,403]" displayed="true">
                            <android.widget.LinearLayout index="0" package="net.metaquotes.economiccalendar" class="android.widget.LinearLayout" text="" checkable="false" checked="false" clickable="false" enabled="true" focusable="false" focused="false" long-clickable="false" password="false" scrollable="false" selected="false" bounds="[0,315][720,395]" displayed="true">
                              <android.widget.TextView index="0" package="net.metaquotes.economiccalendar" class="android.widget.TextView" text="Date" resource-id="net.metaquotes.economiccalendar:id/time" checkable="false" checked="false" clickable="false" enabled="true" focusable="false" focused="false" long-clickable="false" password="false" scrollable="false" selected="false" bounds="[32,336][235,374]" displayed="true" />
                              <android.widget.TextView index="1" package="net.metaquotes.economiccalendar" class="android.widget.TextView" text="Actual" resource-id="net.metaquotes.economiccalendar:id/actual" checkable="false" checked="false" clickable="false" enabled="true" focusable="false" focused="false" long-clickable="false" password="false" scrollable="false" selected="false" bounds="[235,336][386,374]" displayed="true" />
                              <android.widget.TextView index="2" package="net.metaquotes.economiccalendar" class="android.widget.TextView" text="Forecast" resource-id="net.metaquotes.economiccalendar:id/forecast" checkable="false" checked="false" clickable="false" enabled="true" focusable="false" focused="false" long-clickable="false" password="false" scrollable="false" selected="false" bounds="[386,336][537,374]" displayed="true" />
                              <android.widget.TextView index="3" package="net.metaquotes.economiccalendar" class="android.widget.TextView" text="Previous" resource-id="net.metaquotes.economiccalendar:id/previous" checkable="false" checked="false" clickable="false" enabled="true" focusable="false" focused="false" long-clickable="false" password="false" scrollable="false" selected="false" bounds="[537,336][688,374]" displayed="true" />
                            </android.widget.LinearLayout>
                          </android.widget.FrameLayout>
                          <android.view.View index="1" package="net.metaquotes.economiccalendar" class="android.view.View" text="" checkable="false" checked="false" clickable="false" enabled="true" focusable="false" focused="false" long-clickable="false" password="false" scrollable="false" selected="false" bounds="[32,403][688,405]" displayed="true" />
                          <android.widget.LinearLayout index="2" package="net.metaquotes.economiccalendar" class="android.widget.LinearLayout" text="" resource-id="net.metaquotes.economiccalendar:id/content" checkable="false" checked="false" clickable="false" enabled="true" focusable="false" focused="false" long-clickable="false" password="false" scrollable="false" selected="false" bounds="[0,419][720,1280]" displayed="true">
                            <android.widget.FrameLayout index="0" package="net.metaquotes.economiccalendar" class="android.widget.FrameLayout" text="" checkable="false" checked="false" clickable="false" enabled="true" focusable="false" focused="false" long-clickable="false" password="false" scrollable="false" selected="false" bounds="[0,419][720,499]" displayed="true">
                              <android.widget.LinearLayout index="0" package="net.metaquotes.economiccalendar" class="android.widget.LinearLayout" text="" checkable="false" checked="false" clickable="false" enabled="true" focusable="false" focused="false" long-clickable="false" password="false" scrollable="false" selected="false" bounds="[0,419][720,499]" displayed="true">
                                <android.widget.TextView index="0" package="net.metaquotes.economiccalendar" class="android.widget.TextView" text="12 Sep 2019" resource-id="net.metaquotes.economiccalendar:id/time" checkable="false" checked="false" clickable="false" enabled="true" focusable="false" focused="false" long-clickable="false" password="false" scrollable="false" selected="false" bounds="[32,440][235,478]" displayed="true" />
                                <android.widget.TextView index="1" package="net.metaquotes.economiccalendar" class="android.widget.TextView" text="-0,2%" resource-id="net.metaquotes.economiccalendar:id/actual" checkable="false" checked="false" clickable="false" enabled="true" focusable="false" focused="false" long-clickable="false" password="false" scrollable="false" selected="false" bounds="[235,440][386,478]" displayed="true" />
                                <android.widget.TextView index="2" package="net.metaquotes.economiccalendar" class="android.widget.TextView" text="-0,1%" resource-id="net.metaquotes.economiccalendar:id/forecast" checkable="false" checked="false" clickable="false" enabled="true" focusable="false" focused="false" long-clickable="false" password="false" scrollable="false" selected="false" bounds="[386,440][537,478]" displayed="true" />
                                <android.widget.TextView index="3" package="net.metaquotes.economiccalendar" class="android.widget.TextView" text="-0,1%" resource-id="net.metaquotes.economiccalendar:id/previous" checkable="false" checked="false" clickable="false" enabled="true" focusable="false" focused="false" long-clickable="false" password="false" scrollable="false" selected="false" bounds="[537,440][688,478]" displayed="true" />
                              </android.widget.LinearLayout>
                            </android.widget.FrameLayout>
                            <android.widget.FrameLayout index="1" package="net.metaquotes.economiccalendar" class="android.widget.FrameLayout" text="" checkable="false" checked="false" clickable="false" enabled="true" focusable="false" focused="false" long-clickable="false" password="false" scrollable="false" selected="false" bounds="[0,499][720,579]" displayed="true">
                              <android.widget.LinearLayout index="0" package="net.metaquotes.economiccalendar" class="android.widget.LinearLayout" text="" checkable="false" checked="false" clickable="false" enabled="true" focusable="false" focused="false" long-clickable="false" password="false" scrollable="false" selected="false" bounds="[0,499][720,579]" displayed="true">
                                <android.widget.TextView index="0" package="net.metaquotes.economiccalendar" class="android.widget.TextView" text="15 Aug 2019" resource-id="net.metaquotes.economiccalendar:id/time" checkable="false" checked="false" clickable="false" enabled="true" focusable="false" focused="false" long-clickable="false" password="false" scrollable="false" selected="false" bounds="[32,520][235,558]" displayed="true" />
                                <android.widget.TextView index="1" package="net.metaquotes.economiccalendar" class="android.widget.TextView" text="-0,1%" resource-id="net.metaquotes.economiccalendar:id/actual" checkable="false" checked="false" clickable="false" enabled="true" focusable="false" focused="false" long-clickable="false" password="false" scrollable="false" selected="false" bounds="[235,520][386,558]" displayed="true" />
                                <android.widget.TextView index="2" package="net.metaquotes.economiccalendar" class="android.widget.TextView" text="0,0%" resource-id="net.metaquotes.economiccalendar:id/forecast" checkable="false" checked="false" clickable="false" enabled="true" focusable="false" focused="false" long-clickable="false" password="false" scrollable="false" selected="false" bounds="[386,520][537,558]" displayed="true" />
                                <android.widget.TextView index="3" package="net.metaquotes.economiccalendar" class="android.widget.TextView" text="-0,5%" resource-id="net.metaquotes.economiccalendar:id/previous" checkable="false" checked="false" clickable="false" enabled="true" focusable="false" focused="false" long-clickable="false" password="false" scrollable="false" selected="false" bounds="[537,520][688,558]" displayed="true" />
                              </android.widget.LinearLayout>
                            </android.widget.FrameLayout>
                            <android.widget.FrameLayout index="2" package="net.metaquotes.economiccalendar" class="android.widget.FrameLayout" text="" checkable="false" checked="false" clickable="false" enabled="true" focusable="false" focused="false" long-clickable="false" password="false" scrollable="false" selected="false" bounds="[0,579][720,659]" displayed="true">
                              <android.widget.LinearLayout index="0" package="net.metaquotes.economiccalendar" class="android.widget.LinearLayout" text="" checkable="false" checked="false" clickable="false" enabled="true" focusable="false" focused="false" long-clickable="false" password="false" scrollable="false" selected="false" bounds="[0,579][720,659]" displayed="true">
                                <android.widget.TextView index="0" package="net.metaquotes.economiccalendar" class="android.widget.TextView" text="15 Jul 2019" resource-id="net.metaquotes.economiccalendar:id/time" checkable="false" checked="false" clickable="false" enabled="true" focusable="false" focused="false" long-clickable="false" password="false" scrollable="false" selected="false" bounds="[32,600][235,638]" displayed="true" />
                                <android.widget.TextView index="1" package="net.metaquotes.economiccalendar" class="android.widget.TextView" text="-0,5%" resource-id="net.metaquotes.economiccalendar:id/actual" checkable="false" checked="false" clickable="false" enabled="true" focusable="false" focused="false" long-clickable="false" password="false" scrollable="false" selected="false" bounds="[235,600][386,638]" displayed="true" />
                                <android.widget.TextView index="2" package="net.metaquotes.economiccalendar" class="android.widget.TextView" text="0,0%" resource-id="net.metaquotes.economiccalendar:id/forecast" checkable="false" checked="false" clickable="false" enabled="true" focusable="false" focused="false" long-clickable="false" password="false" scrollable="false" selected="false" bounds="[386,600][537,638]" displayed="true" />
                                <android.widget.TextView index="3" package="net.metaquotes.economiccalendar" class="android.widget.TextView" text="0,0%" resource-id="net.metaquotes.economiccalendar:id/previous" checkable="false" checked="false" clickable="false" enabled="true" focusable="false" focused="false" long-clickable="false" password="false" scrollable="false" selected="false" bounds="[537,600][688,638]" displayed="true" />
                              </android.widget.LinearLayout>
                            </android.widget.FrameLayout>
                            <android.widget.FrameLayout index="3" package="net.metaquotes.economiccalendar" class="android.widget.FrameLayout" text="" checkable="false" checked="false" clickable="false" enabled="true" focusable="false" focused="false" long-clickable="false" password="false" scrollable="false" selected="false" bounds="[0,659][720,739]" displayed="true">
                              <android.widget.LinearLayout index="0" package="net.metaquotes.economiccalendar" class="android.widget.LinearLayout" text="" checkable="false" checked="false" clickable="false" enabled="true" focusable="false" focused="false" long-clickable="false" password="false" scrollable="false" selected="false" bounds="[0,659][720,739]" displayed="true">
                                <android.widget.TextView index="0" package="net.metaquotes.economiccalendar" class="android.widget.TextView" text="13 Jun 2019" resource-id="net.metaquotes.economiccalendar:id/time" checkable="false" checked="false" clickable="false" enabled="true" focusable="false" focused="false" long-clickable="false" password="false" scrollable="false" selected="false" bounds="[32,680][235,718]" displayed="true" />
                                <android.widget.TextView index="1" package="net.metaquotes.economiccalendar" class="android.widget.TextView" text="0,0%" resource-id="net.metaquotes.economiccalendar:id/actual" checkable="false" checked="false" clickable="false" enabled="true" focusable="false" focused="false" long-clickable="false" password="false" scrollable="false" selected="false" bounds="[235,680][386,718]" displayed="true" />
                                <android.widget.TextView index="2" package="net.metaquotes.economiccalendar" class="android.widget.TextView" text="0,0%" resource-id="net.metaquotes.economiccalendar:id/forecast" checkable="false" checked="false" clickable="false" enabled="true" focusable="false" focused="false" long-clickable="false" password="false" scrollable="false" selected="false" bounds="[386,680][537,718]" displayed="true" />
                                <android.widget.TextView index="3" package="net.metaquotes.economiccalendar" class="android.widget.TextView" text="0,0%" resource-id="net.metaquotes.economiccalendar:id/previous" checkable="false" checked="false" clickable="false" enabled="true" focusable="false" focused="false" long-clickable="false" password="false" scrollable="false" selected="false" bounds="[537,680][688,718]" displayed="true" />
                              </android.widget.LinearLayout>
                            </android.widget.FrameLayout>
                            <android.widget.FrameLayout index="4" package="net.metaquotes.economiccalendar" class="android.widget.FrameLayout" text="" checkable="false" checked="false" clickable="false" enabled="true" focusable="false" focused="false" long-clickable="false" password="false" scrollable="false" selected="false" bounds="[0,739][720,819]" displayed="true">
                              <android.widget.LinearLayout index="0" package="net.metaquotes.economiccalendar" class="android.widget.LinearLayout" text="" checkable="false" checked="false" clickable="false" enabled="true" focusable="false" focused="false" long-clickable="false" password="false" scrollable="false" selected="false" bounds="[0,739][720,819]" displayed="true">
                                <android.widget.TextView index="0" package="net.metaquotes.economiccalendar" class="android.widget.TextView" text="14 May 2019" resource-id="net.metaquotes.economiccalendar:id/time" checkable="false" checked="false" clickable="false" enabled="true" focusable="false" focused="false" long-clickable="false" password="false" scrollable="false" selected="false" bounds="[32,760][235,798]" displayed="true" />
                                <android.widget.TextView index="1" package="net.metaquotes.economiccalendar" class="android.widget.TextView" text="0,0%" resource-id="net.metaquotes.economiccalendar:id/actual" checkable="false" checked="false" clickable="false" enabled="true" focusable="false" focused="false" long-clickable="false" password="false" scrollable="false" selected="false" bounds="[235,760][386,798]" displayed="true" />
                                <android.widget.TextView index="2" package="net.metaquotes.economiccalendar" class="android.widget.TextView" text="0,0%" resource-id="net.metaquotes.economiccalendar:id/forecast" checkable="false" checked="false" clickable="false" enabled="true" focusable="false" focused="false" long-clickable="false" password="false" scrollable="false" selected="false" bounds="[386,760][537,798]" displayed="true" />
                                <android.widget.TextView index="3" package="net.metaquotes.economiccalendar" class="android.widget.TextView" text="0,3%" resource-id="net.metaquotes.economiccalendar:id/previous" checkable="false" checked="false" clickable="false" enabled="true" focusable="false" focused="false" long-clickable="false" password="false" scrollable="false" selected="false" bounds="[537,760][688,798]" displayed="true" />
                              </android.widget.LinearLayout>
                            </android.widget.FrameLayout>
                            <android.widget.FrameLayout index="5" package="net.metaquotes.economiccalendar" class="android.widget.FrameLayout" text="" checkable="false" checked="false" clickable="false" enabled="true" focusable="false" focused="false" long-clickable="false" password="false" scrollable="false" selected="false" bounds="[0,819][720,899]" displayed="true">
                              <android.widget.LinearLayout index="0" package="net.metaquotes.economiccalendar" class="android.widget.LinearLayout" text="" checkable="false" checked="false" clickable="false" enabled="true" focusable="false" focused="false" long-clickable="false" password="false" scrollable="false" selected="false" bounds="[0,819][720,899]" displayed="true">
                                <android.widget.TextView index="0" package="net.metaquotes.economiccalendar" class="android.widget.TextView" text="15 Apr 2019" resource-id="net.metaquotes.economiccalendar:id/time" checkable="false" checked="false" clickable="false" enabled="true" focusable="false" focused="false" long-clickable="false" password="false" scrollable="false" selected="false" bounds="[32,840][235,878]" displayed="true" />
                                <android.widget.TextView index="1" package="net.metaquotes.economiccalendar" class="android.widget.TextView" text="0,3%" resource-id="net.metaquotes.economiccalendar:id/actual" checkable="false" checked="false" clickable="false" enabled="true" focusable="false" focused="false" long-clickable="false" password="false" scrollable="false" selected="false" bounds="[235,840][386,878]" displayed="true" />
                                <android.widget.TextView index="2" package="net.metaquotes.economiccalendar" class="android.widget.TextView" text="0,0%" resource-id="net.metaquotes.economiccalendar:id/forecast" checkable="false" checked="false" clickable="false" enabled="true" focusable="false" focused="false" long-clickable="false" password="false" scrollable="false" selected="false" bounds="[386,840][537,878]" displayed="true" />
                                <android.widget.TextView index="3" package="net.metaquotes.economiccalendar" class="android.widget.TextView" text="0,2%" resource-id="net.metaquotes.economiccalendar:id/previous" checkable="false" checked="false" clickable="false" enabled="true" focusable="false" focused="false" long-clickable="false" password="false" scrollable="false" selected="false" bounds="[537,840][688,878]" displayed="true" />
                              </android.widget.LinearLayout>
                            </android.widget.FrameLayout>
                            <android.widget.FrameLayout index="6" package="net.metaquotes.economiccalendar" class="android.widget.FrameLayout" text="" checkable="false" checked="false" clickable="false" enabled="true" focusable="false" focused="false" long-clickable="false" password="false" scrollable="false" selected="false" bounds="[0,899][720,979]" displayed="true">
                              <android.widget.LinearLayout index="0" package="net.metaquotes.economiccalendar" class="android.widget.LinearLayout" text="" checkable="false" checked="false" clickable="false" enabled="true" focusable="false" focused="false" long-clickable="false" password="false" scrollable="false" selected="false" bounds="[0,899][720,979]" displayed="true">
                                <android.widget.TextView index="0" package="net.metaquotes.economiccalendar" class="android.widget.TextView" text="14 Mar 2019" resource-id="net.metaquotes.economiccalendar:id/time" checkable="false" checked="false" clickable="false" enabled="true" focusable="false" focused="false" long-clickable="false" password="false" scrollable="false" selected="false" bounds="[32,920][235,958]" displayed="true" />
                                <android.widget.TextView index="1" package="net.metaquotes.economiccalendar" class="android.widget.TextView" text="0,2%" resource-id="net.metaquotes.economiccalendar:id/actual" checkable="false" checked="false" clickable="false" enabled="true" focusable="false" focused="false" long-clickable="false" password="false" scrollable="false" selected="false" bounds="[235,920][386,958]" displayed="true" />
                                <android.widget.TextView index="2" package="net.metaquotes.economiccalendar" class="android.widget.TextView" text="0,0%" resource-id="net.metaquotes.economiccalendar:id/forecast" checkable="false" checked="false" clickable="false" enabled="true" focusable="false" focused="false" long-clickable="false" password="false" scrollable="false" selected="false" bounds="[386,920][537,958]" displayed="true" />
                                <android.widget.TextView index="3" package="net.metaquotes.economiccalendar" class="android.widget.TextView" text="-0,7%" resource-id="net.metaquotes.economiccalendar:id/previous" checkable="false" checked="false" clickable="false" enabled="true" focusable="false" focused="false" long-clickable="false" password="false" scrollable="false" selected="false" bounds="[537,920][688,958]" displayed="true" />
                              </android.widget.LinearLayout>
                            </android.widget.FrameLayout>
                            <android.widget.FrameLayout index="7" package="net.metaquotes.economiccalendar" class="android.widget.FrameLayout" text="" checkable="false" checked="false" clickable="false" enabled="true" focusable="false" focused="false" long-clickable="false" password="false" scrollable="false" selected="false" bounds="[0,979][720,1059]" displayed="true">
                              <android.widget.LinearLayout index="0" package="net.metaquotes.economiccalendar" class="android.widget.LinearLayout" text="" checkable="false" checked="false" clickable="false" enabled="true" focusable="false" focused="false" long-clickable="false" password="false" scrollable="false" selected="false" bounds="[0,979][720,1059]" displayed="true">
                                <android.widget.TextView index="0" package="net.metaquotes.economiccalendar" class="android.widget.TextView" text="14 Feb 2019" resource-id="net.metaquotes.economiccalendar:id/time" checkable="false" checked="false" clickable="false" enabled="true" focusable="false" focused="false" long-clickable="false" password="false" scrollable="false" selected="false" bounds="[32,1000][235,1038]" displayed="true" />
                                <android.widget.TextView index="1" package="net.metaquotes.economiccalendar" class="android.widget.TextView" text="-0,7%" resource-id="net.metaquotes.economiccalendar:id/actual" checkable="false" checked="false" clickable="false" enabled="true" focusable="false" focused="false" long-clickable="false" password="false" scrollable="false" selected="false" bounds="[235,1000][386,1038]" displayed="true" />
                                <android.widget.TextView index="2" package="net.metaquotes.economiccalendar" class="android.widget.TextView" text="0,0%" resource-id="net.metaquotes.economiccalendar:id/forecast" checkable="false" checked="false" clickable="false" enabled="true" focusable="false" focused="false" long-clickable="false" password="false" scrollable="false" selected="false" bounds="[386,1000][537,1038]" displayed="true" />
                                <android.widget.TextView index="3" package="net.metaquotes.economiccalendar" class="android.widget.TextView" text="-0,6%" resource-id="net.metaquotes.economiccalendar:id/previous" checkable="false" checked="false" clickable="false" enabled="true" focusable="false" focused="false" long-clickable="false" password="false" scrollable="false" selected="false" bounds="[537,1000][688,1038]" displayed="true" />
                              </android.widget.LinearLayout>
                            </android.widget.FrameLayout>
                            <android.widget.FrameLayout index="8" package="net.metaquotes.economiccalendar" class="android.widget.FrameLayout" text="" checkable="false" checked="false" clickable="false" enabled="true" focusable="false" focused="false" long-clickable="false" password="false" scrollable="false" selected="false" bounds="[0,1059][720,1139]" displayed="true">
                              <android.widget.LinearLayout index="0" package="net.metaquotes.economiccalendar" class="android.widget.LinearLayout" text="" checkable="false" checked="false" clickable="false" enabled="true" focusable="false" focused="false" long-clickable="false" password="false" scrollable="false" selected="false" bounds="[0,1059][720,1139]" displayed="true">
                                <android.widget.TextView index="0" package="net.metaquotes.economiccalendar" class="android.widget.TextView" text="18 Jan 2019" resource-id="net.metaquotes.economiccalendar:id/time" checkable="false" checked="false" clickable="false" enabled="true" focusable="false" focused="false" long-clickable="false" password="false" scrollable="false" selected="false" bounds="[32,1080][235,1118]" displayed="true" />
                                <android.widget.TextView index="1" package="net.metaquotes.economiccalendar" class="android.widget.TextView" text="" resource-id="net.metaquotes.economiccalendar:id/actual" checkable="false" checked="false" clickable="false" enabled="true" focusable="false" focused="false" long-clickable="false" password="false" scrollable="false" selected="false" bounds="[235,1080][386,1118]" displayed="true" />
                                <android.widget.TextView index="2" package="net.metaquotes.economiccalendar" class="android.widget.TextView" text="" resource-id="net.metaquotes.economiccalendar:id/forecast" checkable="false" checked="false" clickable="false" enabled="true" focusable="false" focused="false" long-clickable="false" password="false" scrollable="false" selected="false" bounds="[386,1080][537,1118]" displayed="true" />
                                <android.widget.TextView index="3" package="net.metaquotes.economiccalendar" class="android.widget.TextView" text="" resource-id="net.metaquotes.economiccalendar:id/previous" checkable="false" checked="false" clickable="false" enabled="true" focusable="false" focused="false" long-clickable="false" password="false" scrollable="false" selected="false" bounds="[537,1080][688,1118]" displayed="true" />
                              </android.widget.LinearLayout>
                            </android.widget.FrameLayout>
                            <android.widget.FrameLayout index="9" package="net.metaquotes.economiccalendar" class="android.widget.FrameLayout" text="" checkable="false" checked="false" clickable="false" enabled="true" focusable="false" focused="false" long-clickable="false" password="false" scrollable="false" selected="false" bounds="[0,1139][720,1219]" displayed="true">
                              <android.widget.LinearLayout index="0" package="net.metaquotes.economiccalendar" class="android.widget.LinearLayout" text="" checkable="false" checked="false" clickable="false" enabled="true" focusable="false" focused="false" long-clickable="false" password="false" scrollable="false" selected="false" bounds="[0,1139][720,1219]" displayed="true">
                                <android.widget.TextView index="0" package="net.metaquotes.economiccalendar" class="android.widget.TextView" text="18 Jan 2019" resource-id="net.metaquotes.economiccalendar:id/time" checkable="false" checked="false" clickable="false" enabled="true" focusable="false" focused="false" long-clickable="false" password="false" scrollable="false" selected="false" bounds="[32,1160][235,1198]" displayed="true" />
                                <android.widget.TextView index="1" package="net.metaquotes.economiccalendar" class="android.widget.TextView" text="-0,6%" resource-id="net.metaquotes.economiccalendar:id/actual" checkable="false" checked="false" clickable="false" enabled="true" focusable="false" focused="false" long-clickable="false" password="false" scrollable="false" selected="false" bounds="[235,1160][386,1198]" displayed="true" />
                                <android.widget.TextView index="2" package="net.metaquotes.economiccalendar" class="android.widget.TextView" text="0,0%" resource-id="net.metaquotes.economiccalendar:id/forecast" checkable="false" checked="false" clickable="false" enabled="true" focusable="false" focused="false" long-clickable="false" password="false" scrollable="false" selected="false" bounds="[386,1160][537,1198]" displayed="true" />
                                <android.widget.TextView index="3" package="net.metaquotes.economiccalendar" class="android.widget.TextView" text="-0,3%" resource-id="net.metaquotes.economiccalendar:id/previous" checkable="false" checked="false" clickable="false" enabled="true" focusable="false" focused="false" long-clickable="false" password="false" scrollable="false" selected="false" bounds="[537,1160][688,1198]" displayed="true" />
                              </android.widget.LinearLayout>
                            </android.widget.FrameLayout>
                            <android.widget.FrameLayout index="10" package="net.metaquotes.economiccalendar" class="android.widget.FrameLayout" text="" checkable="false" checked="false" clickable="false" enabled="true" focusable="false" focused="false" long-clickable="false" password="false" scrollable="false" selected="false" bounds="[0,1219][720,1280]" displayed="true">
                              <android.widget.LinearLayout index="0" package="net.metaquotes.economiccalendar" class="android.widget.LinearLayout" text="" checkable="false" checked="false" clickable="false" enabled="true" focusable="false" focused="false" long-clickable="false" password="false" scrollable="false" selected="false" bounds="[0,1219][720,1280]" displayed="true">
                                <android.widget.TextView index="0" package="net.metaquotes.economiccalendar" class="android.widget.TextView" text="13 Dec 2018" resource-id="net.metaquotes.economiccalendar:id/time" checkable="false" checked="false" clickable="false" enabled="true" focusable="false" focused="false" long-clickable="false" password="false" scrollable="false" selected="false" bounds="[32,1240][235,1278]" displayed="true" />
                                <android.widget.TextView index="1" package="net.metaquotes.economiccalendar" class="android.widget.TextView" text="-0,3%" resource-id="net.metaquotes.economiccalendar:id/actual" checkable="false" checked="false" clickable="false" enabled="true" focusable="false" focused="false" long-clickable="false" password="false" scrollable="false" selected="false" bounds="[235,1240][386,1278]" displayed="true" />
                                <android.widget.TextView index="2" package="net.metaquotes.economiccalendar" class="android.widget.TextView" text="0,0%" resource-id="net.metaquotes.economiccalendar:id/forecast" checkable="false" checked="false" clickable="false" enabled="true" focusable="false" focused="false" long-clickable="false" password="false" scrollable="false" selected="false" bounds="[386,1240][537,1278]" displayed="true" />
                                <android.widget.TextView index="3" package="net.metaquotes.economiccalendar" class="android.widget.TextView" text="0,2%" resource-id="net.metaquotes.economiccalendar:id/previous" checkable="false" checked="false" clickable="false" enabled="true" focusable="false" focused="false" long-clickable="false" password="false" scrollable="false" selected="false" bounds="[537,1240][688,1278]" displayed="true" />
                              </android.widget.LinearLayout>
                            </android.widget.FrameLayout>
                          </android.widget.LinearLayout>
                        </android.widget.LinearLayout>
                      </android.widget.LinearLayout>
                    </android.widget.LinearLayout>
                  </android.widget.LinearLayout>
                </android.widget.ScrollView>
              </android.widget.FrameLayout>
              <android.view.View index="1" package="net.metaquotes.economiccalendar" class="android.view.View" text="" resource-id="net.metaquotes.economiccalendar:id/action_bar_shadow" checkable="false" checked="false" clickable="false" enabled="true" focusable="false" focused="false" long-clickable="false" password="false" scrollable="false" selected="false" bounds="[0,146][720,242]" displayed="true" />
            </android.widget.FrameLayout>
          </android.widget.LinearLayout>
        </android.view.View>
      </android.widget.FrameLayout>
    </android.widget.FrameLayout>
  </android.widget.FrameLayout>
</hierarchy>
]]></system-out>
  </testcase>
</testsuite>